[Thu 01 Aug 2024 01:11:54 PM CEST] Starting IP extraction
[Thu 01 Aug 2024 01:11:54 PM CEST] Appended entry: {"ip":
[Thu 01 Aug 2024 01:11:54 PM CEST] Appended entry: "2a00:1398:300:1b::107b",
[Thu 01 Aug 2024 01:11:54 PM CEST] Appended entry: "url":
[Thu 01 Aug 2024 01:11:54 PM CEST] Appended entry: "/frontend/mapping-service-ui.html",
[Thu 01 Aug 2024 01:11:54 PM CEST] Appended entry: "timestamp":
[Thu 01 Aug 2024 01:11:54 PM CEST] Appended entry: "01/Aug/2024:12:15:06
[Thu 01 Aug 2024 01:11:54 PM CEST] Appended entry: +0200"}
[Thu 01 Aug 2024 01:11:54 PM CEST] Appended entry: {"ip":
[Thu 01 Aug 2024 01:11:54 PM CEST] Appended entry: "2a00:1398:300:1b::107b",
[Thu 01 Aug 2024 01:11:54 PM CEST] Appended entry: "url":
[Thu 01 Aug 2024 01:11:54 PM CEST] Appended entry: "/frontend/mapping-service-ui.html",
[Thu 01 Aug 2024 01:11:54 PM CEST] Appended entry: "timestamp":
[Thu 01 Aug 2024 01:11:54 PM CEST] Appended entry: "01/Aug/2024:12:15:12
[Thu 01 Aug 2024 01:11:54 PM CEST] Appended entry: +0200"}
[Thu 01 Aug 2024 01:11:54 PM CEST] Appended entry: {"ip":
[Thu 01 Aug 2024 01:11:54 PM CEST] Appended entry: "2a00:1398:300:1b::107b",
[Thu 01 Aug 2024 01:11:55 PM CEST] Appended entry: "url":
[Thu 01 Aug 2024 01:11:55 PM CEST] Appended entry: "/frontend/mapping-service-ui.html",
[Thu 01 Aug 2024 01:11:55 PM CEST] Appended entry: "timestamp":
[Thu 01 Aug 2024 01:11:55 PM CEST] Appended entry: "01/Aug/2024:12:29:50
[Thu 01 Aug 2024 01:11:55 PM CEST] Appended entry: +0200"}
[Thu 01 Aug 2024 01:11:55 PM CEST] Appended entry: {"ip":
[Thu 01 Aug 2024 01:11:55 PM CEST] Appended entry: "2a00:1398:300:1b::107b",
[Thu 01 Aug 2024 01:11:55 PM CEST] Appended entry: "url":
[Thu 01 Aug 2024 01:11:55 PM CEST] Appended entry: "/frontend/mapping-service-ui.html",
[Thu 01 Aug 2024 01:11:55 PM CEST] Appended entry: "timestamp":
[Thu 01 Aug 2024 01:11:55 PM CEST] Appended entry: "01/Aug/2024:12:29:53
[Thu 01 Aug 2024 01:11:55 PM CEST] Appended entry: +0200"}
[Thu 01 Aug 2024 01:11:55 PM CEST] Appended entry: {"ip":
[Thu 01 Aug 2024 01:11:55 PM CEST] Appended entry: "2a00:1398:300:1b::107b",
[Thu 01 Aug 2024 01:11:55 PM CEST] Appended entry: "url":
[Thu 01 Aug 2024 01:11:55 PM CEST] Appended entry: "/frontend/mapping-service-ui.html",
[Thu 01 Aug 2024 01:11:55 PM CEST] Appended entry: "timestamp":
[Thu 01 Aug 2024 01:11:55 PM CEST] Appended entry: "01/Aug/2024:12:29:53
[Thu 01 Aug 2024 01:11:55 PM CEST] Appended entry: +0200"}
[Thu 01 Aug 2024 01:11:55 PM CEST] Appended entry: {"ip":
[Thu 01 Aug 2024 01:11:55 PM CEST] Appended entry: "2a00:1398:300:1b::107b",
[Thu 01 Aug 2024 01:11:55 PM CEST] Appended entry: "url":
[Thu 01 Aug 2024 01:11:55 PM CEST] Appended entry: "/frontend/mapping-service-ui.html",
[Thu 01 Aug 2024 01:11:55 PM CEST] Appended entry: "timestamp":
[Thu 01 Aug 2024 01:11:55 PM CEST] Appended entry: "01/Aug/2024:12:35:33
[Thu 01 Aug 2024 01:11:55 PM CEST] Appended entry: +0200"}
[Thu 01 Aug 2024 01:11:55 PM CEST] Appended entry: {"ip":
[Thu 01 Aug 2024 01:11:55 PM CEST] Appended entry: "2a00:1398:300:1b::107b",
[Thu 01 Aug 2024 01:11:55 PM CEST] Appended entry: "url":
[Thu 01 Aug 2024 01:11:55 PM CEST] Appended entry: "/frontend/mapping-service-ui.html",
[Thu 01 Aug 2024 01:11:55 PM CEST] Appended entry: "timestamp":
[Thu 01 Aug 2024 01:11:55 PM CEST] Appended entry: "01/Aug/2024:12:35:45
[Thu 01 Aug 2024 01:11:55 PM CEST] Appended entry: +0200"}
[Thu 01 Aug 2024 01:11:55 PM CEST] Appended entry: {"ip":
[Thu 01 Aug 2024 01:11:55 PM CEST] Appended entry: "2a02:8071:3185:8120:48f4:5f2b:b1c5:71a",
[Thu 01 Aug 2024 01:11:55 PM CEST] Appended entry: "url":
[Thu 01 Aug 2024 01:11:55 PM CEST] Appended entry: "/frontend/mapping-service-ui.html",
[Thu 01 Aug 2024 01:11:55 PM CEST] Appended entry: "timestamp":
[Thu 01 Aug 2024 01:11:55 PM CEST] Appended entry: "01/Aug/2024:13:05:01
[Thu 01 Aug 2024 01:11:55 PM CEST] Appended entry: +0200"}
[Thu 01 Aug 2024 01:11:55 PM CEST] Appended entry: {"ip":
[Thu 01 Aug 2024 01:11:55 PM CEST] Appended entry: "2a02:8071:3185:8120:48f4:5f2b:b1c5:71a",
[Thu 01 Aug 2024 01:11:55 PM CEST] Appended entry: "url":
[Thu 01 Aug 2024 01:11:55 PM CEST] Appended entry: "/frontend/mapping-service-ui.html",
[Thu 01 Aug 2024 01:11:55 PM CEST] Appended entry: "timestamp":
[Thu 01 Aug 2024 01:11:55 PM CEST] Appended entry: "01/Aug/2024:13:05:02
[Thu 01 Aug 2024 01:11:55 PM CEST] Appended entry: +0200"}
[Thu 01 Aug 2024 01:11:55 PM CEST] Appended entry: {"ip":
[Thu 01 Aug 2024 01:11:55 PM CEST] Appended entry: "2a02:8071:3185:8120:bd84:539e:cf9c:2fc9",
[Thu 01 Aug 2024 01:11:55 PM CEST] Appended entry: "url":
[Thu 01 Aug 2024 01:11:55 PM CEST] Appended entry: "/frontend/mapping-service-ui.html",
[Thu 01 Aug 2024 01:11:55 PM CEST] Appended entry: "timestamp":
[Thu 01 Aug 2024 01:11:55 PM CEST] Appended entry: "01/Aug/2024:13:05:14
[Thu 01 Aug 2024 01:11:55 PM CEST] Appended entry: +0200"}
[Thu 01 Aug 2024 01:11:55 PM CEST] Appended entry: {"ip":
[Thu 01 Aug 2024 01:11:55 PM CEST] Appended entry: "46.223.163.137",
[Thu 01 Aug 2024 01:11:55 PM CEST] Appended entry: "url":
[Thu 01 Aug 2024 01:11:55 PM CEST] Appended entry: "/frontend/mapping-service-ui.html",
[Thu 01 Aug 2024 01:11:55 PM CEST] Appended entry: "timestamp":
[Thu 01 Aug 2024 01:11:55 PM CEST] Appended entry: "01/Aug/2024:13:05:33
[Thu 01 Aug 2024 01:11:55 PM CEST] Appended entry: +0200"}
[Thu 01 Aug 2024 01:11:55 PM CEST] Appended entry: {"ip":
[Thu 01 Aug 2024 01:11:55 PM CEST] Appended entry: "46.223.163.137",
[Thu 01 Aug 2024 01:11:55 PM CEST] Appended entry: "url":
[Thu 01 Aug 2024 01:11:55 PM CEST] Appended entry: "/frontend/mapping-service-ui.html",
[Thu 01 Aug 2024 01:11:55 PM CEST] Appended entry: "timestamp":
[Thu 01 Aug 2024 01:11:55 PM CEST] Appended entry: "01/Aug/2024:13:05:39
[Thu 01 Aug 2024 01:11:55 PM CEST] Appended entry: +0200"}
[Thu 01 Aug 2024 01:11:55 PM CEST] Appended entry: {"ip":
[Thu 01 Aug 2024 01:11:55 PM CEST] Appended entry: "46.223.163.137",
[Thu 01 Aug 2024 01:11:55 PM CEST] Appended entry: "url":
[Thu 01 Aug 2024 01:11:55 PM CEST] Appended entry: "/frontend/mapping-service-ui.html",
[Thu 01 Aug 2024 01:11:55 PM CEST] Appended entry: "timestamp":
[Thu 01 Aug 2024 01:11:55 PM CEST] Appended entry: "01/Aug/2024:13:05:42
[Thu 01 Aug 2024 01:11:55 PM CEST] Appended entry: +0200"}
[Thu 01 Aug 2024 01:11:55 PM CEST] Appended entry: {"ip":
[Thu 01 Aug 2024 01:11:55 PM CEST] Appended entry: "46.223.163.137",
[Thu 01 Aug 2024 01:11:55 PM CEST] Appended entry: "url":
[Thu 01 Aug 2024 01:11:55 PM CEST] Appended entry: "/frontend/mapping-service-ui.html",
[Thu 01 Aug 2024 01:11:55 PM CEST] Appended entry: "timestamp":
[Thu 01 Aug 2024 01:11:55 PM CEST] Appended entry: "01/Aug/2024:13:05:45
[Thu 01 Aug 2024 01:11:55 PM CEST] Appended entry: +0200"}
[Thu 01 Aug 2024 01:11:55 PM CEST] Appended entry: {"ip":
[Thu 01 Aug 2024 01:11:55 PM CEST] Appended entry: "46.223.163.137",
[Thu 01 Aug 2024 01:11:55 PM CEST] Appended entry: "url":
[Thu 01 Aug 2024 01:11:55 PM CEST] Appended entry: "/frontend/mapping-service-ui.html",
[Thu 01 Aug 2024 01:11:55 PM CEST] Appended entry: "timestamp":
[Thu 01 Aug 2024 01:11:55 PM CEST] Appended entry: "01/Aug/2024:13:05:54
[Thu 01 Aug 2024 01:11:55 PM CEST] Appended entry: +0200"}
[Thu 01 Aug 2024 01:11:55 PM CEST] Appended entry: {"ip":
[Thu 01 Aug 2024 01:11:55 PM CEST] Appended entry: "2a02:810a:133f:ca1c:4dd3:adc4:10f5:384e",
[Thu 01 Aug 2024 01:11:55 PM CEST] Appended entry: "url":
[Thu 01 Aug 2024 01:11:55 PM CEST] Appended entry: "/frontend/mapping-service-ui.html",
[Thu 01 Aug 2024 01:11:55 PM CEST] Appended entry: "timestamp":
[Thu 01 Aug 2024 01:11:55 PM CEST] Appended entry: "01/Aug/2024:13:06:05
[Thu 01 Aug 2024 01:11:55 PM CEST] Appended entry: +0200"}
[Thu 01 Aug 2024 01:11:55 PM CEST] Appended entry: {"ip":
[Thu 01 Aug 2024 01:11:55 PM CEST] Appended entry: "2a02:810a:133f:ca1c:4dd3:adc4:10f5:384e",
[Thu 01 Aug 2024 01:11:55 PM CEST] Appended entry: "url":
[Thu 01 Aug 2024 01:11:55 PM CEST] Appended entry: "/frontend/mapping-service-ui.html",
[Thu 01 Aug 2024 01:11:55 PM CEST] Appended entry: "timestamp":
[Thu 01 Aug 2024 01:11:55 PM CEST] Appended entry: "01/Aug/2024:13:06:09
[Thu 01 Aug 2024 01:11:55 PM CEST] Appended entry: +0200"}
[Thu 01 Aug 2024 01:11:55 PM CEST] Appended entry: {"ip":
[Thu 01 Aug 2024 01:11:55 PM CEST] Appended entry: "2a02:810a:133f:ca1c:4dd3:adc4:10f5:384e",
[Thu 01 Aug 2024 01:11:55 PM CEST] Appended entry: "url":
[Thu 01 Aug 2024 01:11:55 PM CEST] Appended entry: "/frontend/mapping-service-ui.html",
[Thu 01 Aug 2024 01:11:55 PM CEST] Appended entry: "timestamp":
[Thu 01 Aug 2024 01:11:55 PM CEST] Appended entry: "01/Aug/2024:13:06:15
[Thu 01 Aug 2024 01:11:55 PM CEST] Appended entry: +0200"}
[Thu 01 Aug 2024 01:11:55 PM CEST] Appended entry: {"ip":
[Thu 01 Aug 2024 01:11:55 PM CEST] Appended entry: "2a02:810a:133f:ca1c:4dd3:adc4:10f5:384e",
[Thu 01 Aug 2024 01:11:55 PM CEST] Appended entry: "url":
[Thu 01 Aug 2024 01:11:55 PM CEST] Appended entry: "/frontend/mapping-service-ui.html",
[Thu 01 Aug 2024 01:11:55 PM CEST] Appended entry: "timestamp":
[Thu 01 Aug 2024 01:11:55 PM CEST] Appended entry: "01/Aug/2024:13:06:16
[Thu 01 Aug 2024 01:11:55 PM CEST] Appended entry: +0200"}
[Thu 01 Aug 2024 01:11:55 PM CEST] Appended entry: {"ip":
[Thu 01 Aug 2024 01:11:55 PM CEST] Appended entry: "2a02:810a:133f:ca1c:4dd3:adc4:10f5:384e",
[Thu 01 Aug 2024 01:11:55 PM CEST] Appended entry: "url":
[Thu 01 Aug 2024 01:11:55 PM CEST] Appended entry: "/frontend/mapping-service-ui.html",
[Thu 01 Aug 2024 01:11:55 PM CEST] Appended entry: "timestamp":
[Thu 01 Aug 2024 01:11:55 PM CEST] Appended entry: "01/Aug/2024:13:06:33
[Thu 01 Aug 2024 01:11:55 PM CEST] Appended entry: +0200"}
[Thu 01 Aug 2024 01:11:55 PM CEST] Appended entry: {"ip":
[Thu 01 Aug 2024 01:11:55 PM CEST] Appended entry: "2a02:810a:133f:ca1c:4dd3:adc4:10f5:384e",
[Thu 01 Aug 2024 01:11:55 PM CEST] Appended entry: "url":
[Thu 01 Aug 2024 01:11:55 PM CEST] Appended entry: "/frontend/mapping-service-ui.html",
[Thu 01 Aug 2024 01:11:55 PM CEST] Appended entry: "timestamp":
[Thu 01 Aug 2024 01:11:55 PM CEST] Appended entry: "01/Aug/2024:13:06:37
[Thu 01 Aug 2024 01:11:55 PM CEST] Appended entry: +0200"}
[Thu 01 Aug 2024 01:11:55 PM CEST] Appended entry: {"ip":
[Thu 01 Aug 2024 01:11:55 PM CEST] Appended entry: "2a02:810a:133f:ca1c:4dd3:adc4:10f5:384e",
[Thu 01 Aug 2024 01:11:55 PM CEST] Appended entry: "url":
[Thu 01 Aug 2024 01:11:55 PM CEST] Appended entry: "/frontend/mapping-service-ui.html",
[Thu 01 Aug 2024 01:11:55 PM CEST] Appended entry: "timestamp":
[Thu 01 Aug 2024 01:11:55 PM CEST] Appended entry: "01/Aug/2024:13:06:55
[Thu 01 Aug 2024 01:11:55 PM CEST] Appended entry: +0200"}
[Thu 01 Aug 2024 01:11:55 PM CEST] Completed IP extraction
[Thu 01 Aug 2024 01:13:09 PM CEST] Starting IP extraction
[Thu 01 Aug 2024 01:13:09 PM CEST] Appended entry: {"ip": "2a00:1398:300:1b::107b", "url": "/frontend/mapping-service-ui.html", "timestamp": "01/Aug/2024:12:15:06 +0200"}
[Thu 01 Aug 2024 01:13:09 PM CEST] Appended entry: {"ip": "2a00:1398:300:1b::107b", "url": "/frontend/mapping-service-ui.html", "timestamp": "01/Aug/2024:12:15:12 +0200"}
[Thu 01 Aug 2024 01:13:09 PM CEST] Appended entry: {"ip": "2a00:1398:300:1b::107b", "url": "/frontend/mapping-service-ui.html", "timestamp": "01/Aug/2024:12:29:50 +0200"}
[Thu 01 Aug 2024 01:13:09 PM CEST] Appended entry: {"ip": "2a00:1398:300:1b::107b", "url": "/frontend/mapping-service-ui.html", "timestamp": "01/Aug/2024:12:29:53 +0200"}
[Thu 01 Aug 2024 01:13:09 PM CEST] Appended entry: {"ip": "2a00:1398:300:1b::107b", "url": "/frontend/mapping-service-ui.html", "timestamp": "01/Aug/2024:12:29:53 +0200"}
[Thu 01 Aug 2024 01:13:09 PM CEST] Appended entry: {"ip": "2a00:1398:300:1b::107b", "url": "/frontend/mapping-service-ui.html", "timestamp": "01/Aug/2024:12:35:33 +0200"}
[Thu 01 Aug 2024 01:13:09 PM CEST] Appended entry: {"ip": "2a00:1398:300:1b::107b", "url": "/frontend/mapping-service-ui.html", "timestamp": "01/Aug/2024:12:35:45 +0200"}
[Thu 01 Aug 2024 01:13:09 PM CEST] Appended entry: {"ip": "2a02:8071:3185:8120:48f4:5f2b:b1c5:71a", "url": "/frontend/mapping-service-ui.html", "timestamp": "01/Aug/2024:13:05:01 +0200"}
[Thu 01 Aug 2024 01:13:09 PM CEST] Appended entry: {"ip": "2a02:8071:3185:8120:48f4:5f2b:b1c5:71a", "url": "/frontend/mapping-service-ui.html", "timestamp": "01/Aug/2024:13:05:02 +0200"}
[Thu 01 Aug 2024 01:13:09 PM CEST] Appended entry: {"ip": "2a02:8071:3185:8120:bd84:539e:cf9c:2fc9", "url": "/frontend/mapping-service-ui.html", "timestamp": "01/Aug/2024:13:05:14 +0200"}
[Thu 01 Aug 2024 01:13:09 PM CEST] Appended entry: {"ip": "46.223.163.137", "url": "/frontend/mapping-service-ui.html", "timestamp": "01/Aug/2024:13:05:33 +0200"}
[Thu 01 Aug 2024 01:13:09 PM CEST] Appended entry: {"ip": "46.223.163.137", "url": "/frontend/mapping-service-ui.html", "timestamp": "01/Aug/2024:13:05:39 +0200"}
[Thu 01 Aug 2024 01:13:09 PM CEST] Appended entry: {"ip": "46.223.163.137", "url": "/frontend/mapping-service-ui.html", "timestamp": "01/Aug/2024:13:05:42 +0200"}
[Thu 01 Aug 2024 01:13:09 PM CEST] Appended entry: {"ip": "46.223.163.137", "url": "/frontend/mapping-service-ui.html", "timestamp": "01/Aug/2024:13:05:45 +0200"}
[Thu 01 Aug 2024 01:13:09 PM CEST] Appended entry: {"ip": "46.223.163.137", "url": "/frontend/mapping-service-ui.html", "timestamp": "01/Aug/2024:13:05:54 +0200"}
[Thu 01 Aug 2024 01:13:09 PM CEST] Appended entry: {"ip": "2a02:810a:133f:ca1c:4dd3:adc4:10f5:384e", "url": "/frontend/mapping-service-ui.html", "timestamp": "01/Aug/2024:13:06:05 +0200"}
[Thu 01 Aug 2024 01:13:09 PM CEST] Appended entry: {"ip": "2a02:810a:133f:ca1c:4dd3:adc4:10f5:384e", "url": "/frontend/mapping-service-ui.html", "timestamp": "01/Aug/2024:13:06:09 +0200"}
[Thu 01 Aug 2024 01:13:09 PM CEST] Appended entry: {"ip": "2a02:810a:133f:ca1c:4dd3:adc4:10f5:384e", "url": "/frontend/mapping-service-ui.html", "timestamp": "01/Aug/2024:13:06:15 +0200"}
[Thu 01 Aug 2024 01:13:09 PM CEST] Appended entry: {"ip": "2a02:810a:133f:ca1c:4dd3:adc4:10f5:384e", "url": "/frontend/mapping-service-ui.html", "timestamp": "01/Aug/2024:13:06:16 +0200"}
[Thu 01 Aug 2024 01:13:09 PM CEST] Appended entry: {"ip": "2a02:810a:133f:ca1c:4dd3:adc4:10f5:384e", "url": "/frontend/mapping-service-ui.html", "timestamp": "01/Aug/2024:13:06:33 +0200"}
[Thu 01 Aug 2024 01:13:09 PM CEST] Appended entry: {"ip": "2a02:810a:133f:ca1c:4dd3:adc4:10f5:384e", "url": "/frontend/mapping-service-ui.html", "timestamp": "01/Aug/2024:13:06:37 +0200"}
[Thu 01 Aug 2024 01:13:09 PM CEST] Appended entry: {"ip": "2a02:810a:133f:ca1c:4dd3:adc4:10f5:384e", "url": "/frontend/mapping-service-ui.html", "timestamp": "01/Aug/2024:13:06:55 +0200"}
[Thu 01 Aug 2024 01:13:09 PM CEST] Completed IP extraction
[Thu 01 Aug 2024 01:14:04 PM CEST] Starting IP extraction
[Thu 01 Aug 2024 01:14:04 PM CEST] Appended entry: {"ip": "2a00:1398:300:1b::107b", "url": "/frontend/mapping-service-ui.html", "timestamp": "01/Aug/2024:12:15:06 +0200"}
[Thu 01 Aug 2024 01:14:04 PM CEST] Appended entry: {"ip": "2a00:1398:300:1b::107b", "url": "/frontend/mapping-service-ui.html", "timestamp": "01/Aug/2024:12:15:12 +0200"}
[Thu 01 Aug 2024 01:14:04 PM CEST] Appended entry: {"ip": "2a00:1398:300:1b::107b", "url": "/frontend/mapping-service-ui.html", "timestamp": "01/Aug/2024:12:29:50 +0200"}
[Thu 01 Aug 2024 01:14:04 PM CEST] Appended entry: {"ip": "2a00:1398:300:1b::107b", "url": "/frontend/mapping-service-ui.html", "timestamp": "01/Aug/2024:12:29:53 +0200"}
[Thu 01 Aug 2024 01:14:04 PM CEST] Appended entry: {"ip": "2a00:1398:300:1b::107b", "url": "/frontend/mapping-service-ui.html", "timestamp": "01/Aug/2024:12:29:53 +0200"}
[Thu 01 Aug 2024 01:14:04 PM CEST] Appended entry: {"ip": "2a00:1398:300:1b::107b", "url": "/frontend/mapping-service-ui.html", "timestamp": "01/Aug/2024:12:35:33 +0200"}
[Thu 01 Aug 2024 01:14:04 PM CEST] Appended entry: {"ip": "2a00:1398:300:1b::107b", "url": "/frontend/mapping-service-ui.html", "timestamp": "01/Aug/2024:12:35:45 +0200"}
[Thu 01 Aug 2024 01:14:04 PM CEST] Appended entry: {"ip": "2a02:8071:3185:8120:48f4:5f2b:b1c5:71a", "url": "/frontend/mapping-service-ui.html", "timestamp": "01/Aug/2024:13:05:01 +0200"}
[Thu 01 Aug 2024 01:14:04 PM CEST] Appended entry: {"ip": "2a02:8071:3185:8120:48f4:5f2b:b1c5:71a", "url": "/frontend/mapping-service-ui.html", "timestamp": "01/Aug/2024:13:05:02 +0200"}
[Thu 01 Aug 2024 01:14:04 PM CEST] Appended entry: {"ip": "2a02:8071:3185:8120:bd84:539e:cf9c:2fc9", "url": "/frontend/mapping-service-ui.html", "timestamp": "01/Aug/2024:13:05:14 +0200"}
[Thu 01 Aug 2024 01:14:04 PM CEST] Appended entry: {"ip": "46.223.163.137", "url": "/frontend/mapping-service-ui.html", "timestamp": "01/Aug/2024:13:05:33 +0200"}
[Thu 01 Aug 2024 01:14:04 PM CEST] Appended entry: {"ip": "46.223.163.137", "url": "/frontend/mapping-service-ui.html", "timestamp": "01/Aug/2024:13:05:39 +0200"}
[Thu 01 Aug 2024 01:14:04 PM CEST] Appended entry: {"ip": "46.223.163.137", "url": "/frontend/mapping-service-ui.html", "timestamp": "01/Aug/2024:13:05:42 +0200"}
[Thu 01 Aug 2024 01:14:04 PM CEST] Appended entry: {"ip": "46.223.163.137", "url": "/frontend/mapping-service-ui.html", "timestamp": "01/Aug/2024:13:05:45 +0200"}
[Thu 01 Aug 2024 01:14:04 PM CEST] Appended entry: {"ip": "46.223.163.137", "url": "/frontend/mapping-service-ui.html", "timestamp": "01/Aug/2024:13:05:54 +0200"}
[Thu 01 Aug 2024 01:14:04 PM CEST] Appended entry: {"ip": "2a02:810a:133f:ca1c:4dd3:adc4:10f5:384e", "url": "/frontend/mapping-service-ui.html", "timestamp": "01/Aug/2024:13:06:05 +0200"}
[Thu 01 Aug 2024 01:14:04 PM CEST] Appended entry: {"ip": "2a02:810a:133f:ca1c:4dd3:adc4:10f5:384e", "url": "/frontend/mapping-service-ui.html", "timestamp": "01/Aug/2024:13:06:09 +0200"}
[Thu 01 Aug 2024 01:14:04 PM CEST] Appended entry: {"ip": "2a02:810a:133f:ca1c:4dd3:adc4:10f5:384e", "url": "/frontend/mapping-service-ui.html", "timestamp": "01/Aug/2024:13:06:15 +0200"}
[Thu 01 Aug 2024 01:14:04 PM CEST] Appended entry: {"ip": "2a02:810a:133f:ca1c:4dd3:adc4:10f5:384e", "url": "/frontend/mapping-service-ui.html", "timestamp": "01/Aug/2024:13:06:16 +0200"}
[Thu 01 Aug 2024 01:14:04 PM CEST] Appended entry: {"ip": "2a02:810a:133f:ca1c:4dd3:adc4:10f5:384e", "url": "/frontend/mapping-service-ui.html", "timestamp": "01/Aug/2024:13:06:33 +0200"}
[Thu 01 Aug 2024 01:14:04 PM CEST] Appended entry: {"ip": "2a02:810a:133f:ca1c:4dd3:adc4:10f5:384e", "url": "/frontend/mapping-service-ui.html", "timestamp": "01/Aug/2024:13:06:37 +0200"}
[Thu 01 Aug 2024 01:14:04 PM CEST] Appended entry: {"ip": "2a02:810a:133f:ca1c:4dd3:adc4:10f5:384e", "url": "/frontend/mapping-service-ui.html", "timestamp": "01/Aug/2024:13:06:55 +0200"}
[Thu 01 Aug 2024 01:14:04 PM CEST] Completed IP extraction
[Thu 01 Aug 2024 01:14:23 PM CEST] Starting IP extraction
[Thu 01 Aug 2024 01:14:23 PM CEST] Appended entry: {"ip": "2a00:1398:300:1b::107b", "url": "/frontend/mapping-service-ui.html", "timestamp": "01/Aug/2024:12:15:06 +0200"}
[Thu 01 Aug 2024 01:14:23 PM CEST] Appended entry: {"ip": "2a00:1398:300:1b::107b", "url": "/frontend/mapping-service-ui.html", "timestamp": "01/Aug/2024:12:15:12 +0200"}
[Thu 01 Aug 2024 01:14:23 PM CEST] Appended entry: {"ip": "2a00:1398:300:1b::107b", "url": "/frontend/mapping-service-ui.html", "timestamp": "01/Aug/2024:12:29:50 +0200"}
[Thu 01 Aug 2024 01:14:23 PM CEST] Appended entry: {"ip": "2a00:1398:300:1b::107b", "url": "/frontend/mapping-service-ui.html", "timestamp": "01/Aug/2024:12:29:53 +0200"}
[Thu 01 Aug 2024 01:14:23 PM CEST] Appended entry: {"ip": "2a00:1398:300:1b::107b", "url": "/frontend/mapping-service-ui.html", "timestamp": "01/Aug/2024:12:29:53 +0200"}
[Thu 01 Aug 2024 01:14:23 PM CEST] Appended entry: {"ip": "2a00:1398:300:1b::107b", "url": "/frontend/mapping-service-ui.html", "timestamp": "01/Aug/2024:12:35:33 +0200"}
[Thu 01 Aug 2024 01:14:23 PM CEST] Appended entry: {"ip": "2a00:1398:300:1b::107b", "url": "/frontend/mapping-service-ui.html", "timestamp": "01/Aug/2024:12:35:45 +0200"}
[Thu 01 Aug 2024 01:14:23 PM CEST] Appended entry: {"ip": "2a02:8071:3185:8120:48f4:5f2b:b1c5:71a", "url": "/frontend/mapping-service-ui.html", "timestamp": "01/Aug/2024:13:05:01 +0200"}
[Thu 01 Aug 2024 01:14:23 PM CEST] Appended entry: {"ip": "2a02:8071:3185:8120:48f4:5f2b:b1c5:71a", "url": "/frontend/mapping-service-ui.html", "timestamp": "01/Aug/2024:13:05:02 +0200"}
[Thu 01 Aug 2024 01:14:23 PM CEST] Appended entry: {"ip": "2a02:8071:3185:8120:bd84:539e:cf9c:2fc9", "url": "/frontend/mapping-service-ui.html", "timestamp": "01/Aug/2024:13:05:14 +0200"}
[Thu 01 Aug 2024 01:14:23 PM CEST] Appended entry: {"ip": "46.223.163.137", "url": "/frontend/mapping-service-ui.html", "timestamp": "01/Aug/2024:13:05:33 +0200"}
[Thu 01 Aug 2024 01:14:23 PM CEST] Appended entry: {"ip": "46.223.163.137", "url": "/frontend/mapping-service-ui.html", "timestamp": "01/Aug/2024:13:05:39 +0200"}
[Thu 01 Aug 2024 01:14:23 PM CEST] Appended entry: {"ip": "46.223.163.137", "url": "/frontend/mapping-service-ui.html", "timestamp": "01/Aug/2024:13:05:42 +0200"}
[Thu 01 Aug 2024 01:14:23 PM CEST] Appended entry: {"ip": "46.223.163.137", "url": "/frontend/mapping-service-ui.html", "timestamp": "01/Aug/2024:13:05:45 +0200"}
[Thu 01 Aug 2024 01:14:23 PM CEST] Appended entry: {"ip": "46.223.163.137", "url": "/frontend/mapping-service-ui.html", "timestamp": "01/Aug/2024:13:05:54 +0200"}
[Thu 01 Aug 2024 01:14:23 PM CEST] Appended entry: {"ip": "2a02:810a:133f:ca1c:4dd3:adc4:10f5:384e", "url": "/frontend/mapping-service-ui.html", "timestamp": "01/Aug/2024:13:06:05 +0200"}
[Thu 01 Aug 2024 01:14:23 PM CEST] Appended entry: {"ip": "2a02:810a:133f:ca1c:4dd3:adc4:10f5:384e", "url": "/frontend/mapping-service-ui.html", "timestamp": "01/Aug/2024:13:06:09 +0200"}
[Thu 01 Aug 2024 01:14:23 PM CEST] Appended entry: {"ip": "2a02:810a:133f:ca1c:4dd3:adc4:10f5:384e", "url": "/frontend/mapping-service-ui.html", "timestamp": "01/Aug/2024:13:06:15 +0200"}
[Thu 01 Aug 2024 01:14:23 PM CEST] Appended entry: {"ip": "2a02:810a:133f:ca1c:4dd3:adc4:10f5:384e", "url": "/frontend/mapping-service-ui.html", "timestamp": "01/Aug/2024:13:06:16 +0200"}
[Thu 01 Aug 2024 01:14:23 PM CEST] Appended entry: {"ip": "2a02:810a:133f:ca1c:4dd3:adc4:10f5:384e", "url": "/frontend/mapping-service-ui.html", "timestamp": "01/Aug/2024:13:06:33 +0200"}
[Thu 01 Aug 2024 01:14:23 PM CEST] Appended entry: {"ip": "2a02:810a:133f:ca1c:4dd3:adc4:10f5:384e", "url": "/frontend/mapping-service-ui.html", "timestamp": "01/Aug/2024:13:06:37 +0200"}
[Thu 01 Aug 2024 01:14:23 PM CEST] Appended entry: {"ip": "2a02:810a:133f:ca1c:4dd3:adc4:10f5:384e", "url": "/frontend/mapping-service-ui.html", "timestamp": "01/Aug/2024:13:06:55 +0200"}
[Thu 01 Aug 2024 01:14:23 PM CEST] Completed IP extraction
[Thu 01 Aug 2024 01:15:46 PM CEST] Starting IP extraction
[Thu 01 Aug 2024 01:15:46 PM CEST] Completed IP extraction
[Thu 01 Aug 2024 01:16:13 PM CEST] Starting IP extraction
[Thu 01 Aug 2024 01:16:13 PM CEST] Completed IP extraction
[Thu 01 Aug 2024 01:17:30 PM CEST] Starting IP extraction
[Thu 01 Aug 2024 01:17:30 PM CEST] Completed IP extraction
[Thu 01 Aug 2024 01:24:03 PM CEST] Starting IP extraction
[Thu 01 Aug 2024 01:24:03 PM CEST] Completed IP extraction
[Thu 01 Aug 2024 01:26:00 PM CEST] Starting IP extraction
[Thu 01 Aug 2024 01:26:00 PM CEST] Completed IP extraction
[Thu 01 Aug 2024 01:27:28 PM CEST] Starting IP extraction
[Thu 01 Aug 2024 01:27:28 PM CEST] Completed IP extraction
